  stdafx.cpp
  MySocket.cpp
c:\users\36165\documents\项目文件\物联网车锁\车锁服务器\socketasynserver\SocketAsynServerDlg.h(58): warning C4996: 'strcpy': This function or variable may be unsafe. Consider using strcpy_s instead. To disable deprecation, use _CRT_SECURE_NO_WARNINGS. See online help for details.
  C:\Program Files (x86)\Windows Kits\10\Include\10.0.15063.0\ucrt\string.h(136): note: 参见“strcpy”的声明
  SocketAsynServer.cpp
c:\users\36165\documents\项目文件\物联网车锁\车锁服务器\socketasynserver\SocketAsynServerDlg.h(58): warning C4996: 'strcpy': This function or variable may be unsafe. Consider using strcpy_s instead. To disable deprecation, use _CRT_SECURE_NO_WARNINGS. See online help for details.
  C:\Program Files (x86)\Windows Kits\10\Include\10.0.15063.0\ucrt\string.h(136): note: 参见“strcpy”的声明
  SocketAsynServerDlg.cpp
c:\users\36165\documents\项目文件\物联网车锁\车锁服务器\socketasynserver\SocketAsynServerDlg.h(58): warning C4996: 'strcpy': This function or variable may be unsafe. Consider using strcpy_s instead. To disable deprecation, use _CRT_SECURE_NO_WARNINGS. See online help for details.
  C:\Program Files (x86)\Windows Kits\10\Include\10.0.15063.0\ucrt\string.h(136): note: 参见“strcpy”的声明
SocketAsynServerDlg.cpp(183): warning C4101: “sport”: 未引用的局部变量
SocketAsynServerDlg.cpp(210): warning C4996: 'strcpy': This function or variable may be unsafe. Consider using strcpy_s instead. To disable deprecation, use _CRT_SECURE_NO_WARNINGS. See online help for details.
  C:\Program Files (x86)\Windows Kits\10\Include\10.0.15063.0\ucrt\string.h(136): note: 参见“strcpy”的声明
SocketAsynServerDlg.cpp(251): warning C4996: 'strcpy': This function or variable may be unsafe. Consider using strcpy_s instead. To disable deprecation, use _CRT_SECURE_NO_WARNINGS. See online help for details.
  C:\Program Files (x86)\Windows Kits\10\Include\10.0.15063.0\ucrt\string.h(136): note: 参见“strcpy”的声明
SocketAsynServerDlg.cpp(329): warning C4996: 'strcpy': This function or variable may be unsafe. Consider using strcpy_s instead. To disable deprecation, use _CRT_SECURE_NO_WARNINGS. See online help for details.
  C:\Program Files (x86)\Windows Kits\10\Include\10.0.15063.0\ucrt\string.h(136): note: 参见“strcpy”的声明
SocketAsynServerDlg.cpp(335): warning C4996: 'strcat': This function or variable may be unsafe. Consider using strcat_s instead. To disable deprecation, use _CRT_SECURE_NO_WARNINGS. See online help for details.
  C:\Program Files (x86)\Windows Kits\10\Include\10.0.15063.0\ucrt\string.h(93): note: 参见“strcat”的声明
SocketAsynServerDlg.cpp(336): warning C4996: 'strcat': This function or variable may be unsafe. Consider using strcat_s instead. To disable deprecation, use _CRT_SECURE_NO_WARNINGS. See online help for details.
  C:\Program Files (x86)\Windows Kits\10\Include\10.0.15063.0\ucrt\string.h(93): note: 参见“strcat”的声明
SocketAsynServerDlg.cpp(346): warning C4996: 'strcpy': This function or variable may be unsafe. Consider using strcpy_s instead. To disable deprecation, use _CRT_SECURE_NO_WARNINGS. See online help for details.
  C:\Program Files (x86)\Windows Kits\10\Include\10.0.15063.0\ucrt\string.h(136): note: 参见“strcpy”的声明
SocketAsynServerDlg.cpp(349): warning C4996: 'strcat': This function or variable may be unsafe. Consider using strcat_s instead. To disable deprecation, use _CRT_SECURE_NO_WARNINGS. See online help for details.
  C:\Program Files (x86)\Windows Kits\10\Include\10.0.15063.0\ucrt\string.h(93): note: 参见“strcat”的声明
SocketAsynServerDlg.cpp(350): warning C4996: 'strcat': This function or variable may be unsafe. Consider using strcat_s instead. To disable deprecation, use _CRT_SECURE_NO_WARNINGS. See online help for details.
  C:\Program Files (x86)\Windows Kits\10\Include\10.0.15063.0\ucrt\string.h(93): note: 参见“strcat”的声明
SocketAsynServerDlg.cpp(489): warning C4996: 'strcpy': This function or variable may be unsafe. Consider using strcpy_s instead. To disable deprecation, use _CRT_SECURE_NO_WARNINGS. See online help for details.
  C:\Program Files (x86)\Windows Kits\10\Include\10.0.15063.0\ucrt\string.h(136): note: 参见“strcpy”的声明
SocketAsynServerDlg.cpp(490): warning C4996: 'strcat': This function or variable may be unsafe. Consider using strcat_s instead. To disable deprecation, use _CRT_SECURE_NO_WARNINGS. See online help for details.
  C:\Program Files (x86)\Windows Kits\10\Include\10.0.15063.0\ucrt\string.h(93): note: 参见“strcat”的声明
  正在生成代码...
  SocketAsynServer.vcxproj -> C:\Users\36165\Documents\项目文件\物联网车锁\车锁服务器\x64\Debug\SocketAsynServer.exe
  SocketAsynServer.vcxproj -> C:\Users\36165\Documents\项目文件\物联网车锁\车锁服务器\x64\Debug\SocketAsynServer.pdb (Full PDB)
